ERROR: 2023/08/20 17:25:52 /Users/jguerrero/Documents/unir/TFM/CloudCompare/worker-ms-azure-costs/pkg/azure_pricing/mysql_repository.go:68: Error al insertar productos en bulk: Error 1064 (42000): You have an error in your SQL syntax; check the manual that corresponds to your MySQL server version for the right syntax to use near '(?, ?, ?, ?, ?, ?, ?, ?, ?, ?, ?),(?, ?, ?, ?, ?, ?, ?, ?, ?, ?, ?),(?, ?, ?, ?,' at line 3
ERROR: 2023/08/20 17:25:52 /Users/jguerrero/Documents/unir/TFM/CloudCompare/worker-ms-azure-costs/worker/worker.go:20: no se puede actualizar costos de azure Error 1064 (42000): You have an error in your SQL syntax; check the manual that corresponds to your MySQL server version for the right syntax to use near '(?, ?, ?, ?, ?, ?, ?, ?, ?, ?, ?),(?, ?, ?, ?, ?, ?, ?, ?, ?, ?, ?),(?, ?, ?, ?,' at line 3
ERROR: 2023/08/20 17:28:04 /Users/jguerrero/Documents/unir/TFM/CloudCompare/worker-ms-azure-costs/pkg/azure_pricing/mysql_repository.go:68: Error al insertar productos en bulk: Error 1064 (42000): You have an error in your SQL syntax; check the manual that corresponds to your MySQL server version for the right syntax to use near '(?,?,?,?,?,?,?,?,?,?,?),(?,?,?,?,?,?,?,?,?,?,?),(?,?,?,?,?,?,?,?,?,?,?),(?,?,?,?' at line 3
ERROR: 2023/08/20 17:28:04 /Users/jguerrero/Documents/unir/TFM/CloudCompare/worker-ms-azure-costs/worker/worker.go:20: no se puede actualizar costos de azure Error 1064 (42000): You have an error in your SQL syntax; check the manual that corresponds to your MySQL server version for the right syntax to use near '(?,?,?,?,?,?,?,?,?,?,?),(?,?,?,?,?,?,?,?,?,?,?),(?,?,?,?,?,?,?,?,?,?,?),(?,?,?,?' at line 3
ERROR: 2023/08/20 17:29:54 /Users/jguerrero/Documents/unir/TFM/CloudCompare/worker-ms-azure-costs/pkg/azure_pricing/mysql_repository.go:68: Error al insertar productos en bulk: Error 1292 (22007): Incorrect date value: '2023-07-01T00:00:00Z' for column 'effectiveStartDate' at row 1
ERROR: 2023/08/20 17:29:54 /Users/jguerrero/Documents/unir/TFM/CloudCompare/worker-ms-azure-costs/worker/worker.go:20: no se puede actualizar costos de azure Error 1292 (22007): Incorrect date value: '2023-07-01T00:00:00Z' for column 'effectiveStartDate' at row 1
ERROR: 2023/08/20 17:32:25 /Users/jguerrero/Documents/unir/TFM/CloudCompare/worker-ms-azure-costs/pkg/azure_pricing/mysql_repository.go:68: Error al insertar productos en bulk: Error 1264 (22003): Out of range value for column 'retailPrice' at row 6
ERROR: 2023/08/20 17:35:25 /Users/jguerrero/Documents/unir/TFM/CloudCompare/worker-ms-azure-costs/worker/worker.go:20: no se puede actualizar costos de azure Error 1264 (22003): Out of range value for column 'retailPrice' at row 6
ERROR: 2023/08/20 17:38:40 /Users/jguerrero/Documents/unir/TFM/CloudCompare/worker-ms-azure-costs/pkg/azure_pricing/mysql_repository.go:85: Error al ejecutar la actualización de valor azure: Error 1054 (42S22): Unknown column 'ap.sku' in 'where clause'
ERROR: 2023/08/20 17:38:40 /Users/jguerrero/Documents/unir/TFM/CloudCompare/worker-ms-azure-costs/pkg/azure_pricing/app_service_azure_pricing.go:49: Error al obtener actualizar valores: Error 1054 (42S22): Unknown column 'ap.sku' in 'where clause'
ERROR: 2023/08/20 17:38:40 /Users/jguerrero/Documents/unir/TFM/CloudCompare/worker-ms-azure-costs/worker/worker.go:20: no se puede actualizar costos de azure Error 1054 (42S22): Unknown column 'ap.sku' in 'where clause'
ERROR: 2023/08/20 17:39:18 /Users/jguerrero/Documents/unir/TFM/CloudCompare/worker-ms-azure-costs/pkg/azure_pricing/mysql_repository.go:85: Error al ejecutar la actualización de valor azure: Error 1054 (42S22): Unknown column 'ap.sku' in 'where clause'
ERROR: 2023/08/20 17:39:49 /Users/jguerrero/Documents/unir/TFM/CloudCompare/worker-ms-azure-costs/pkg/azure_pricing/app_service_azure_pricing.go:49: Error al obtener actualizar valores: Error 1054 (42S22): Unknown column 'ap.sku' in 'where clause'
ERROR: 2023/08/20 17:39:49 /Users/jguerrero/Documents/unir/TFM/CloudCompare/worker-ms-azure-costs/worker/worker.go:20: no se puede actualizar costos de azure Error 1054 (42S22): Unknown column 'ap.sku' in 'where clause'
ERROR: 2023/08/20 18:11:15 /Users/jguerrero/Documents/unir/TFM/CloudCompare/worker-ms-azure-costs/pkg/azure_pricing/app_service_azure_pricing.go:35: Error al obtener datos de precios de Azure: unexpected end of JSON input
ERROR: 2023/08/20 18:11:15 /Users/jguerrero/Documents/unir/TFM/CloudCompare/worker-ms-azure-costs/worker/worker.go:20: no se puede actualizar costos de azure unexpected end of JSON input
ERROR: 2023/08/20 18:11:51 /Users/jguerrero/Documents/unir/TFM/CloudCompare/worker-ms-azure-costs/pkg/azure_pricing/app_service_azure_pricing.go:35: Error al obtener datos de precios de Azure: unexpected end of JSON input
ERROR: 2023/08/20 18:11:51 /Users/jguerrero/Documents/unir/TFM/CloudCompare/worker-ms-azure-costs/worker/worker.go:20: no se puede actualizar costos de azure unexpected end of JSON input
ERROR: 2023/08/20 18:12:24 /Users/jguerrero/Documents/unir/TFM/CloudCompare/worker-ms-azure-costs/pkg/azure_pricing/app_service_azure_pricing.go:35: Error al obtener datos de precios de Azure: unexpected end of JSON input
ERROR: 2023/08/20 18:12:24 /Users/jguerrero/Documents/unir/TFM/CloudCompare/worker-ms-azure-costs/worker/worker.go:20: no se puede actualizar costos de azure unexpected end of JSON input
ERROR: 2023/08/20 18:17:52 /Users/jguerrero/Documents/unir/TFM/CloudCompare/worker-ms-azure-costs/pkg/azure_pricing/app_service_azure_pricing.go:35: Error al obtener datos de precios de Azure: unexpected end of JSON input
ERROR: 2023/08/20 18:17:52 /Users/jguerrero/Documents/unir/TFM/CloudCompare/worker-ms-azure-costs/worker/worker.go:20: no se puede actualizar costos de azure unexpected end of JSON input
